TN:
SF:index.js
FNF:0
FNH:0
DA:2,1
DA:3,1
DA:4,1
DA:5,1
DA:8,1
DA:9,1
DA:10,1
DA:13,1
DA:14,1
DA:16,1
LF:10
LH:10
BRF:0
BRH:0
end_of_record
TN:
SF:src\router.js
FNF:0
FNH:0
DA:1,1
DA:2,1
DA:3,1
DA:4,1
DA:6,1
DA:7,1
DA:8,1
DA:9,1
DA:10,1
DA:12,1
DA:13,1
DA:14,1
DA:15,1
DA:17,1
LF:14
LH:14
BRF:0
BRH:0
end_of_record
TN:
SF:src\controller\itemController.js
FN:8,(anonymous_0)
FN:26,(anonymous_1)
FN:35,(anonymous_2)
FN:50,(anonymous_3)
FNF:4
FNH:4
FNDA:1,(anonymous_0)
FNDA:1,(anonymous_1)
FNDA:2,(anonymous_2)
FNDA:1,(anonymous_3)
DA:1,1
DA:2,1
DA:3,1
DA:4,1
DA:5,1
DA:6,1
DA:8,1
DA:9,1
DA:10,1
DA:11,1
DA:12,1
DA:21,1
DA:23,0
DA:26,1
DA:27,1
DA:28,1
DA:30,1
DA:32,0
DA:35,1
DA:36,2
DA:38,2
DA:39,2
DA:40,1
DA:45,2
DA:47,0
DA:50,1
DA:51,1
DA:53,1
DA:59,1
DA:63,1
DA:65,0
LF:31
LH:27
BRDA:11,0,0,1
BRDA:11,0,1,0
BRDA:39,1,0,1
BRDA:39,1,1,1
BRF:4
BRH:3
end_of_record
TN:
SF:src\controller\userController.js
FN:9,(anonymous_0)
FN:28,(anonymous_1)
FN:37,(anonymous_2)
FN:57,(anonymous_3)
FN:68,(anonymous_4)
FNF:5
FNH:5
FNDA:2,(anonymous_0)
FNDA:2,(anonymous_1)
FNDA:2,(anonymous_2)
FNDA:1,(anonymous_3)
FNDA:1,(anonymous_4)
DA:1,1
DA:2,1
DA:3,1
DA:4,1
DA:5,1
DA:6,1
DA:7,1
DA:9,1
DA:10,2
DA:11,2
DA:17,1
DA:19,1
DA:25,1
DA:28,1
DA:29,2
DA:30,2
DA:31,2
DA:32,2
DA:34,0
DA:37,1
DA:38,2
DA:40,2
DA:41,1
DA:46,1
DA:47,1
DA:52,2
DA:54,0
DA:57,1
DA:58,1
DA:59,1
DA:63,1
DA:65,0
DA:68,1
DA:69,1
DA:70,1
DA:73,1
DA:75,0
LF:37
LH:33
BRDA:31,0,0,1
BRDA:31,0,1,1
BRDA:40,1,0,1
BRDA:40,1,1,1
BRDA:46,2,0,1
BRDA:46,2,1,0
BRF:6
BRH:5
end_of_record
TN:
SF:src\helpers\response.js
FN:1,(anonymous_0)
FN:8,(anonymous_1)
FNF:2
FNH:2
FNDA:12,(anonymous_0)
FNDA:1,(anonymous_1)
DA:1,1
DA:2,12
DA:8,1
DA:9,1
LF:4
LH:4
BRF:0
BRH:0
end_of_record
TN:
SF:src\middlewares\auth.js
FN:3,(anonymous_0)
FNF:1
FNH:1
FNDA:8,(anonymous_0)
DA:1,1
DA:3,1
DA:4,8
DA:5,8
DA:6,6
DA:7,6
DA:8,6
DA:10,8
DA:13,0
LF:9
LH:8
BRDA:5,0,0,6
BRDA:5,0,1,2
BRF:2
BRH:2
end_of_record
TN:
SF:src\models\history.js
FN:5,(anonymous_0)
FN:12,(anonymous_1)
FNF:2
FNH:2
FNDA:1,(anonymous_0)
FNDA:1,(anonymous_1)
DA:4,1
DA:5,1
DA:16,1
DA:26,1
LF:4
LH:4
BRF:0
BRH:0
end_of_record
TN:
SF:src\models\index.js
FN:21,(anonymous_0)
FN:24,(anonymous_1)
FN:29,(anonymous_2)
FNF:3
FNH:3
FNDA:5,(anonymous_0)
FNDA:4,(anonymous_1)
FNDA:4,(anonymous_2)
DA:3,1
DA:4,1
DA:5,1
DA:6,1
DA:7,1
DA:8,1
DA:9,1
DA:12,1
DA:13,0
DA:16,1
DA:19,1
DA:22,5
DA:25,4
DA:26,4
DA:29,1
DA:30,4
DA:31,4
DA:35,1
DA:36,1
DA:38,1
LF:20
LH:19
BRDA:7,0,0,1
BRDA:7,0,1,0
BRDA:12,1,0,0
BRDA:12,1,1,1
BRDA:22,2,0,5
BRDA:22,2,1,5
BRDA:22,2,2,4
BRDA:30,3,0,4
BRDA:30,3,1,0
BRF:9
BRH:6
end_of_record
TN:
SF:src\models\item.js
FN:5,(anonymous_0)
FN:12,(anonymous_1)
FNF:2
FNH:2
FNDA:1,(anonymous_0)
FNDA:1,(anonymous_1)
DA:4,1
DA:5,1
DA:17,1
DA:29,1
LF:4
LH:4
BRF:0
BRH:0
end_of_record
TN:
SF:src\models\order.js
FN:5,(anonymous_0)
FN:12,(anonymous_1)
FNF:2
FNH:2
FNDA:1,(anonymous_0)
FNDA:1,(anonymous_1)
DA:4,1
DA:5,1
DA:16,1
DA:25,1
LF:4
LH:4
BRF:0
BRH:0
end_of_record
TN:
SF:src\models\user.js
FN:3,(anonymous_0)
FN:10,(anonymous_1)
FNF:2
FNH:2
FNDA:1,(anonymous_0)
FNDA:1,(anonymous_1)
DA:2,1
DA:3,1
DA:14,1
DA:23,1
LF:4
LH:4
BRF:0
BRH:0
end_of_record
